[master (root-commit) 10a1d51] NeighborCoverage splash page with tracking
 103 files changed, 6622 insertions(+)
 create mode 100644 .abacus.donotdelete
 create mode 100644 .gitignore
 create mode 100644 .project_instructions.md
 create mode 100644 nextjs_space/.env
 create mode 100644 nextjs_space/.env.example
 create mode 100644 nextjs_space/.yarnrc.yml
 create mode 100644 nextjs_space/README.md
 create mode 100644 nextjs_space/STYLE_GUIDE.md
 create mode 100644 nextjs_space/app/api/meta-conversion/route.ts
 create mode 100644 nextjs_space/app/api/trackdrive-webhook/route.ts
 create mode 100644 nextjs_space/app/globals.css
 create mode 100644 nextjs_space/app/layout.tsx
 create mode 100644 nextjs_space/app/page.tsx
 create mode 100644 nextjs_space/app/robots.ts
 create mode 100644 nextjs_space/app/sitemap.ts
 create mode 100644 nextjs_space/components.json
 create mode 100644 nextjs_space/components/benefits-section.tsx
 create mode 100644 nextjs_space/components/bottom-cta-section.tsx
 create mode 100644 nextjs_space/components/chunk-load-error-handler.tsx
 create mode 100644 nextjs_space/components/cta-button.tsx
 create mode 100644 nextjs_space/components/footer-section.tsx
 create mode 100644 nextjs_space/components/hero-section.tsx
 create mode 100644 nextjs_space/components/how-it-works-section.tsx
 create mode 100644 nextjs_space/components/layouts/app-shell.tsx
 create mode 100644 nextjs_space/components/layouts/auth-layout.tsx
 create mode 100644 nextjs_space/components/layouts/container.tsx
 create mode 100644 nextjs_space/components/layouts/page-header.tsx
 create mode 100644 nextjs_space/components/layouts/section.tsx
 create mode 100644 nextjs_space/components/meta-pixel-script.tsx
 create mode 100644 nextjs_space/components/middle-cta-section.tsx
 create mode 100644 nextjs_space/components/mobile-sticky-cta.tsx
 create mode 100644 nextjs_space/components/sticky-header.tsx
 create mode 100644 nextjs_space/components/theme-provider.tsx
 create mode 100644 nextjs_space/components/theme-toggle.tsx
 create mode 100644 nextjs_space/components/trust-section.tsx
 create mode 100644 nextjs_space/components/ui/accordion.tsx
 create mode 100644 nextjs_space/components/ui/alert-dialog.tsx
 create mode 100644 nextjs_space/components/ui/alert.tsx
 create mode 100644 nextjs_space/components/ui/animate.tsx
 create mode 100644 nextjs_space/components/ui/aspect-ratio.tsx
 create mode 100644 nextjs_space/components/ui/avatar.tsx
 create mode 100644 nextjs_space/components/ui/badge.tsx
 create mode 100644 nextjs_space/components/ui/breadcrumb.tsx
 create mode 100644 nextjs_space/components/ui/button.tsx
 create mode 100644 nextjs_space/components/ui/calendar.tsx
 create mode 100644 nextjs_space/components/ui/card.tsx
 create mode 100644 nextjs_space/components/ui/carousel.tsx
 create mode 100644 nextjs_space/components/ui/checkbox.tsx
 create mode 100644 nextjs_space/components/ui/collapsible.tsx
 create mode 100644 nextjs_space/components/ui/command.tsx
 create mode 100644 nextjs_space/components/ui/context-menu.tsx
 create mode 100644 nextjs_space/components/ui/date-range-picker.tsx
 create mode 100644 nextjs_space/components/ui/dialog.tsx
 create mode 100644 nextjs_space/components/ui/drawer.tsx
 create mode 100644 nextjs_space/components/ui/dropdown-menu.tsx
 create mode 100644 nextjs_space/components/ui/form.tsx
 create mode 100644 nextjs_space/components/ui/hover-card.tsx
 create mode 100644 nextjs_space/components/ui/input-otp.tsx
 create mode 100644 nextjs_space/components/ui/input.tsx
 create mode 100644 nextjs_space/components/ui/label.tsx
 create mode 100644 nextjs_space/components/ui/menubar.tsx
 create mode 100644 nextjs_space/components/ui/navigation-menu.tsx
 create mode 100644 nextjs_space/components/ui/pagination.tsx
 create mode 100644 nextjs_space/components/ui/popover.tsx
 create mode 100644 nextjs_space/components/ui/progress.tsx
 create mode 100644 nextjs_space/components/ui/radio-group.tsx
 create mode 100644 nextjs_space/components/ui/resizable.tsx
 create mode 100644 nextjs_space/components/ui/scroll-area.tsx
 create mode 100644 nextjs_space/components/ui/select.tsx
 create mode 100644 nextjs_space/components/ui/separator.tsx
 create mode 100644 nextjs_space/components/ui/sheet.tsx
 create mode 100644 nextjs_space/components/ui/skeleton.tsx
 create mode 100644 nextjs_space/components/ui/slider.tsx
 create mode 100644 nextjs_space/components/ui/sonner.tsx
 create mode 100644 nextjs_space/components/ui/switch.tsx
 create mode 100644 nextjs_space/components/ui/table.tsx
 create mode 100644 nextjs_space/components/ui/tabs.tsx
 create mode 100644 nextjs_space/components/ui/textarea.tsx
 create mode 100644 nextjs_space/components/ui/toast.tsx
 create mode 100644 nextjs_space/components/ui/toaster.tsx
 create mode 100644 nextjs_space/components/ui/toggle-group.tsx
 create mode 100644 nextjs_space/components/ui/toggle.tsx
 create mode 100644 nextjs_space/components/ui/tooltip.tsx
 create mode 100644 nextjs_space/components/ui/use-toast.ts
 create mode 100644 nextjs_space/hooks/use-toast.ts
 create mode 100644 nextjs_space/lib/db.ts
 create mode 100644 nextjs_space/lib/meta-conversions-api.ts
 create mode 100644 nextjs_space/lib/meta-pixel.ts
 create mode 100644 nextjs_space/lib/prisma.ts
 create mode 100644 nextjs_space/lib/types.ts
 create mode 100644 nextjs_space/lib/utils.ts
 create mode 100644 nextjs_space/next-env.d.ts
 create mode 100644 nextjs_space/next.config.js
 create mode 100644 nextjs_space/package.json
 create mode 100644 nextjs_space/postcss.config.js
 create mode 100644 nextjs_space/prisma/schema.prisma
 create mode 100644 nextjs_space/public/favicon.svg
 create mode 100644 nextjs_space/public/og-image.png
 create mode 100644 nextjs_space/scripts/safe-seed.ts
 create mode 100644 nextjs_space/tailwind.config.ts
 create mode 100644 nextjs_space/tsconfig.json
 create mode 100644 nextjs_space/types/next-auth.d.ts
 create mode 120000 nextjs_space/yarn.lock
###10a1d517d25418a3cf122be99649da66a7072ed9###
