  ▲ Next.js 14.2.28
  - Environments: .env
  - Experiments (use with caution):
    · outputFileTracingRoot

   Creating an optimized production build ...
 ✓ Compiled successfully
   Skipping linting
   Checking validity of types ...
   Collecting page data ...
   Generating static pages (0/6) ...
   Generating static pages (1/6) 
   Generating static pages (2/6) 
   Generating static pages (4/6) 
 ✓ Generating static pages (6/6)
   Finalizing page optimization ...
   Collecting build traces ...

Route (app)                      Size     First Load JS
┌ ƒ /                            44.9 kB         132 kB
├ ƒ /_not-found                  872 B          88.1 kB
├ ƒ /api/meta-conversion         0 B                0 B
├ ƒ /api/trackdrive-webhook      0 B                0 B
├ ƒ /robots.txt                  0 B                0 B
└ ƒ /sitemap.xml                 0 B                0 B
+ First Load JS shared by all    87.2 kB
  ├ chunks/156-ac8d5d0d.js       31.7 kB
  ├ chunks/ceb5afef-ec501fe1.js  53.6 kB
  └ other shared chunks (total)  1.89 kB


ƒ  (Dynamic)  server-rendered on demand

exit_code=0
