  ▲ Next.js 14.2.28
  - Local:        http://localhost:3000
  - Environments: .env
  - Experiments (use with caution):
    · outputFileTracingRoot

 ✓ Starting...
 ✓ Ready in 1928ms
 ○ Compiling / ...
 ✓ Compiled / in 3.2s (1182 modules)
 GET / 200 in 3611ms
 ✓ Compiled in 424ms (589 modules)
 GET / 200 in 47ms
 GET / 200 in 214ms
 GET / 200 in 49ms
 GET / 200 in 37ms
 GET / 200 in 32ms
 GET / 200 in 31ms
 GET / 200 in 30ms
 GET / 200 in 36ms
 GET / 200 in 35ms
 GET / 200 in 29ms
 GET / 200 in 31ms
 GET / 200 in 29ms
 GET / 200 in 27ms
 GET / 200 in 31ms
 GET / 200 in 28ms
 GET / 200 in 26ms
 GET / 200 in 30ms
 GET / 200 in 21ms
 GET / 200 in 21ms
 GET / 200 in 23ms
